# JRE version: OpenJDK Runtime Environment (11.0.2+9) (build 11.0.2+9)
# Java VM: OpenJDK 64-Bit Server VM (11.0.2+9, mixed mode, tiered, compressed oops, g1 gc, windows-amd64)
Heap:
 garbage-first heap   total 262144K, used 115048K [0x00000000c0000000, 0x0000000100000000)
  region size 1024K, 86 young (88064K), 4 survivors (4096K)
 Metaspace       used 37576K, capacity 38312K, committed 38656K, reserved 1083392K
  class space    used 4739K, capacity 4993K, committed 5120K, reserved 1048576K
GC Heap History (10 events):
Event: 2.278 GC heap before
{Heap before GC invocations=3 (full 0):
 garbage-first heap   total 262144K, used 51684K [0x00000000c0000000, 0x0000000100000000)
  region size 1024K, 44 young (45056K), 4 survivors (4096K)
 Metaspace       used 20714K, capacity 21161K, committed 21248K, reserved 1067008K
  class space    used 2614K, capacity 2783K, committed 2816K, reserved 1048576K
}
Event: 2.285 GC heap after
{Heap after GC invocations=4 (full 0):
 garbage-first heap   total 262144K, used 14159K [0x00000000c0000000, 0x0000000100000000)
  region size 1024K, 3 young (3072K), 3 survivors (3072K)
 Metaspace       used 20714K, capacity 21161K, committed 21248K, reserved 1067008K
  class space    used 2614K, capacity 2783K, committed 2816K, reserved 1048576K
}
Event: 5.314 GC heap before
{Heap before GC invocations=5 (full 0):
 garbage-first heap   total 262144K, used 76623K [0x00000000c0000000, 0x0000000100000000)
  region size 1024K, 56 young (57344K), 3 survivors (3072K)
 Metaspace       used 31377K, capacity 32007K, committed 32128K, reserved 1077248K
  class space    used 3894K, capacity 4113K, committed 4224K, reserved 1048576K
}
Event: 5.321 GC heap after
{Heap after GC invocations=6 (full 0):
 garbage-first heap   total 262144K, used 27924K [0x00000000c0000000, 0x0000000100000000)
  region size 1024K, 7 young (7168K), 7 survivors (7168K)
 Metaspace       used 31377K, capacity 32007K, committed 32128K, reserved 1077248K
  class space    used 3894K, capacity 4113K, committed 4224K, reserved 1048576K
}
Event: 6.201 GC heap before
{Heap before GC invocations=6 (full 0):
 garbage-first heap   total 262144K, used 59668K [0x00000000c0000000, 0x0000000100000000)
  region size 1024K, 37 young (37888K), 7 survivors (7168K)
 Metaspace       used 35012K, capacity 35705K, committed 35840K, reserved 1081344K
  class space    used 4391K, capacity 4597K, committed 4608K, reserved 1048576K
}
Event: 6.209 GC heap after
{Heap after GC invocations=7 (full 0):
 garbage-first heap   total 262144K, used 30308K [0x00000000c0000000, 0x0000000100000000)
  region size 1024K, 7 young (7168K), 7 survivors (7168K)
 Metaspace       used 35012K, capacity 35705K, committed 35840K, reserved 1081344K
  class space    used 4391K, capacity 4597K, committed 4608K, reserved 1048576K
}
Event: 10.274 GC heap before
{Heap before GC invocations=8 (full 0):
 garbage-first heap   total 262144K, used 107108K [0x00000000c0000000, 0x0000000100000000)
  region size 1024K, 82 young (83968K), 7 survivors (7168K)
 Metaspace       used 36736K, capacity 37408K, committed 37760K, reserved 1081344K
  class space    used 4652K, capacity 4886K, committed 4992K, reserved 1048576K
}
Event: 10.281 GC heap after
{Heap after GC invocations=9 (full 0):
 garbage-first heap   total 262144K, used 32354K [0x00000000c0000000, 0x0000000100000000)
  region size 1024K, 4 young (4096K), 4 survivors (4096K)
 Metaspace       used 36736K, capacity 37408K, committed 37760K, reserved 1081344K
  class space    used 4652K, capacity 4886K, committed 4992K, reserved 1048576K
}
Event: 15.035 GC heap before
{Heap before GC invocations=9 (full 0):
 garbage-first heap   total 262144K, used 159330K [0x00000000c0000000, 0x0000000100000000)
  region size 1024K, 128 young (131072K), 4 survivors (4096K)
 Metaspace       used 36823K, capacity 37536K, committed 37760K, reserved 1081344K
  class space    used 4663K, capacity 4886K, committed 4992K, reserved 1048576K
}
Event: 15.039 GC heap after
{Heap after GC invocations=10 (full 0):
 garbage-first heap   total 262144K, used 32104K [0x00000000c0000000, 0x0000000100000000)
  region size 1024K, 4 young (4096K), 4 survivors (4096K)
 Metaspace       used 36823K, capacity 37536K, committed 37760K, reserved 1081344K
  class space    used 4663K, capacity 4886K, committed 4992K, reserved 1048576K
}

